[debug] [2025-08-12T06:39:41.924Z] ----------------------------------------------------------------------
[debug] [2025-08-12T06:39:41.927Z] Command:       C:\nvm4w\nodejs\node.exe C:\nvm4w\nodejs\node_modules\firebase-tools\lib\bin\firebase.js init hosting
[debug] [2025-08-12T06:39:41.927Z] CLI Version:   14.12.0
[debug] [2025-08-12T06:39:41.928Z] Platform:      win32
[debug] [2025-08-12T06:39:41.928Z] Node Version:  v20.19.0
[debug] [2025-08-12T06:39:41.928Z] Time:          Tue Aug 12 2025 12:09:41 GMT+0530 (India Standard Time)
[debug] [2025-08-12T06:39:41.928Z] ----------------------------------------------------------------------
[debug] 
[debug] [2025-08-12T06:39:41.934Z] > command requires scopes: ["email","openid","https://www.googleapis.com/auth/cloudplatformprojects.readonly","https://www.googleapis.com/auth/firebase","https://www.googleapis.com/auth/cloud-platform"]
[debug] [2025-08-12T06:39:41.934Z] > authorizing via signed-in user (srinivasgokarla@gmail.com)
[info] 
     ######## #### ########  ######## ########     ###     ######  ########
     ##        ##  ##     ## ##       ##     ##  ##   ##  ##       ##
     ######    ##  ########  ######   ########  #########  ######  ######
     ##        ##  ##    ##  ##       ##     ## ##     ##       ## ##
     ##       #### ##     ## ######## ########  ##     ##  ######  ########

You're about to initialize a Firebase project in this directory:

  D:\demo

[info] 
=== Project Setup
[info] 
[info] First, let's associate this project directory with a Firebase project.
[info] You can create multiple project aliases by running firebase use --add, 
[info] but for now we'll just set up a default project.
[info] 
[info] i  If you want to create a project in a Google Cloud organization or folder, please use "firebase projects:create" instead, and return to this command when you've created the project. 
[debug] [2025-08-12T06:40:20.720Z] Checked if tokens are valid: true, expires at: 1754983917143
[debug] [2025-08-12T06:40:20.720Z] Checked if tokens are valid: true, expires at: 1754983917143
[debug] [2025-08-12T06:40:20.723Z] >>> [apiv2][query] POST https://firebase.googleapis.com/v1/projects:checkProjectId [none]
[debug] [2025-08-12T06:40:20.725Z] >>> [apiv2][body] POST https://firebase.googleapis.com/v1/projects:checkProjectId {"proposedId":"demort"}
[debug] [2025-08-12T06:40:21.600Z] <<< [apiv2][status] POST https://firebase.googleapis.com/v1/projects:checkProjectId 200
[debug] [2025-08-12T06:40:21.601Z] <<< [apiv2][body] POST https://firebase.googleapis.com/v1/projects:checkProjectId {"projectIdStatus":"PROJECT_ID_UNAVAILABLE","suggestedProjectId":"demort-3be7b"}
[debug] [2025-08-12T06:41:13.894Z] Checked if tokens are valid: true, expires at: 1754983917143
[debug] [2025-08-12T06:41:13.894Z] Checked if tokens are valid: true, expires at: 1754983917143
[debug] [2025-08-12T06:41:13.896Z] >>> [apiv2][query] POST https://firebase.googleapis.com/v1/projects:checkProjectId [none]
[debug] [2025-08-12T06:41:13.896Z] >>> [apiv2][body] POST https://firebase.googleapis.com/v1/projects:checkProjectId {"proposedId":"demort217"}
[debug] [2025-08-12T06:41:14.714Z] <<< [apiv2][status] POST https://firebase.googleapis.com/v1/projects:checkProjectId 200
[debug] [2025-08-12T06:41:14.714Z] <<< [apiv2][body] POST https://firebase.googleapis.com/v1/projects:checkProjectId {"projectIdStatus":"PROJECT_ID_AVAILABLE","suggestedProjectId":"demort217"}
[debug] [2025-08-12T06:41:18.964Z] Checked if tokens are valid: true, expires at: 1754983917143
[debug] [2025-08-12T06:41:18.964Z] Checked if tokens are valid: true, expires at: 1754983917143
[debug] [2025-08-12T06:41:18.964Z] >>> [apiv2][query] POST https://cloudresourcemanager.googleapis.com/v1/projects [none]
[debug] [2025-08-12T06:41:18.965Z] >>> [apiv2][body] POST https://cloudresourcemanager.googleapis.com/v1/projects {"projectId":"demort217","name":"demort217"}
[debug] [2025-08-12T06:41:20.823Z] <<< [apiv2][status] POST https://cloudresourcemanager.googleapis.com/v1/projects 200
[debug] [2025-08-12T06:41:20.824Z] <<< [apiv2][body] POST https://cloudresourcemanager.googleapis.com/v1/projects {"name":"operations/create_project.global.6227258680381181300"}
[debug] [2025-08-12T06:41:20.825Z] Checked if tokens are valid: true, expires at: 1754983917143
[debug] [2025-08-12T06:41:20.825Z] Checked if tokens are valid: true, expires at: 1754983917143
[debug] [2025-08-12T06:41:20.826Z] >>> [apiv2][query] GET https://cloudresourcemanager.googleapis.com/v1/operations/create_project.global.6227258680381181300 [none]
[debug] [2025-08-12T06:41:22.413Z] <<< [apiv2][status] GET https://cloudresourcemanager.googleapis.com/v1/operations/create_project.global.6227258680381181300 200
[debug] [2025-08-12T06:41:22.414Z] <<< [apiv2][body] GET https://cloudresourcemanager.googleapis.com/v1/operations/create_project.global.6227258680381181300 {"name":"operations/create_project.global.6227258680381181300","metadata":{"@type":"type.googleapis.com/google.cloudresourcemanager.v1.ProjectCreationStatus","gettable":true,"ready":true},"done":true,"response":{"@type":"type.googleapis.com/google.cloudresourcemanager.v1.Project","projectNumber":"294982620617","projectId":"demort217","lifecycleState":"ACTIVE","name":"demort217","createTime":"2025-08-12T06:41:21.427397Z"}}
[debug] [2025-08-12T06:41:22.418Z] Checked if tokens are valid: true, expires at: 1754983917143
[debug] [2025-08-12T06:41:22.418Z] Checked if tokens are valid: true, expires at: 1754983917143
[debug] [2025-08-12T06:41:22.418Z] >>> [apiv2][query] POST https://firebase.googleapis.com/v1beta1/projects/demort217:addFirebase [none]
[debug] [2025-08-12T06:41:23.734Z] <<< [apiv2][status] POST https://firebase.googleapis.com/v1beta1/projects/demort217:addFirebase 403
[debug] [2025-08-12T06:41:23.734Z] <<< [apiv2][body] POST https://firebase.googleapis.com/v1beta1/projects/demort217:addFirebase {"error":{"code":403,"message":"The caller does not have permission","status":"PERMISSION_DENIED"}}
[debug] [2025-08-12T06:41:23.736Z] Request to https://firebase.googleapis.com/v1beta1/projects/demort217:addFirebase had HTTP Error: 403, The caller does not have permission
[debug] [2025-08-12T06:41:24.153Z] FirebaseError: Request to https://firebase.googleapis.com/v1beta1/projects/demort217:addFirebase had HTTP Error: 403, The caller does not have permission
    at responseToError (C:\Users\srini\AppData\Local\nvm\v20.19.0\node_modules\firebase-tools\lib\responseToError.js:52:12)
    at RetryOperation._fn (C:\Users\srini\AppData\Local\nvm\v20.19.0\node_modules\firebase-tools\lib\apiv2.js:312:77)
    at process.processTicksAndRejections (node:internal/process/task_queues:95:5)
[error] 
[error] Error: Failed to add Firebase to Google Cloud Platform project. See firebase-debug.log for more info.
